<?xml version="1.0" encoding="UTF-8"?>
<testsuite xmlns:xsi="http://www.w3.org/2001/XMLSchema-instance" xsi:noNamespaceSchemaLocation="https://maven.apache.org/surefire/maven-surefire-plugin/xsd/surefire-test-report.xsd" name="com.bootcamp.demo.CalculatorTest" time="0.092" tests="2" errors="0" skipped="0" failures="0">
  <properties>
[...]
</properties>
  <testcase name="findMax" classname="com.bootcamp.demo.CalculatorTest" time="0.052"/>
  <testcase name="sum" classname="com.bootcamp.demo.CalculatorTest" time="0.001"/>
</testsuite>